<?xml version="1.0" encoding="UTF-8"?>
<!-- Generated by org.testng.reporters.JUnitReportReporter -->
<testsuite hostname="LAPTOP-IJLND83U" failures="0" tests="1" name="com.TESTNG.Practice.Practices" time="0.028" errors="0" timestamp="2022-07-18T14:47:26 IST" skipped="0">
  <testcase classname="com.TESTNG.Practice.Practices" name="pratice" time="0.028"/>
  <system-out/>
</testsuite> <!-- com.TESTNG.Practice.Practices -->
