<?xml version="1.0" encoding="UTF-8"?>
<!-- Generated by org.testng.reporters.JUnitReportReporter -->
<testsuite hostname="LAPTOP-IJLND83U" failures="0" tests="3" name="com.TESTNG.Practice.Prp" time="0.014" errors="0" timestamp="18 Jul 2022 10:58:31 GMT" skipped="0">
  <testcase classname="com.TESTNG.Practice.Prp" name="pratice" time="0.010"/>
  <testcase classname="com.TESTNG.Practice.Prp" name="pratice1" time="0.001"/>
  <testcase classname="com.TESTNG.Practice.Prp" name="pratice2" time="0.003"/>
</testsuite> <!-- com.TESTNG.Practice.Prp -->
