<?xml version="1.0" encoding="UTF-8"?>
<!-- Generated by org.testng.reporters.JUnitReportReporter -->
<testsuite hostname="LAPTOP-IJLND83U" failures="0" tests="1" name="com.TESTNG.Practice.PracticesTest" time="0.009" errors="0" timestamp="18 Jul 2022 10:46:53 GMT" skipped="0">
  <testcase classname="com.TESTNG.Practice.PracticesTest" name="pratice" time="0.009"/>
</testsuite> <!-- com.TESTNG.Practice.PracticesTest -->
